<?xml version="1.0" encoding="UTF-8"?>
<coverage generated="1694867684824" clover="3.2.0">
  <project timestamp="1694867684824" name="All files">
    <metrics statements="18" coveredstatements="17" conditionals="0" coveredconditionals="0" methods="7" coveredmethods="7" elements="25" coveredelements="24" complexity="0" loc="18" ncloc="18" packages="1" files="2" classes="2"/>
    <file name="TrabalhosCsvDAO.ts" path="C:\Users\Buriti\Documents\LP2\lp2\exercicioFixacao\src\daos\TrabalhosCsvDAO.ts">
      <metrics statements="8" coveredstatements="8" conditionals="0" coveredconditionals="0" methods="2" coveredmethods="2"/>
      <line num="2" count="1" type="stmt"/>
      <line num="4" count="1" type="stmt"/>
      <line num="6" count="1" type="stmt"/>
      <line num="7" count="1" type="stmt"/>
      <line num="8" count="1" type="stmt"/>
      <line num="9" count="100" type="stmt"/>
      <line num="10" count="100" type="stmt"/>
      <line num="15" count="100" type="stmt"/>
    </file>
    <file name="TrabalhosDAO.ts" path="C:\Users\Buriti\Documents\LP2\lp2\exercicioFixacao\src\daos\TrabalhosDAO.ts">
      <metrics statements="10" coveredstatements="9" conditionals="0" coveredconditionals="0" methods="5" coveredmethods="5"/>
      <line num="1" count="1" type="stmt"/>
      <line num="2" count="1" type="stmt"/>
      <line num="5" count="1" type="stmt"/>
      <line num="10" count="1" type="stmt"/>
      <line num="11" count="1" type="stmt"/>
      <line num="12" count="1" type="stmt"/>
      <line num="16" count="6" type="stmt"/>
      <line num="17" count="1" type="stmt"/>
      <line num="22" count="1" type="stmt"/>
      <line num="25" count="0" type="stmt"/>
    </file>
  </project>
</coverage>
