<?xml version="1.0" encoding="UTF-8"?>
<coverage generated="1695230848442" clover="3.2.0">
  <project timestamp="1695230848442" name="All files">
    <metrics statements="23" coveredstatements="23" conditionals="1" coveredconditionals="1" methods="8" coveredmethods="8" elements="32" coveredelements="32" complexity="0" loc="23" ncloc="23" packages="1" files="2" classes="2"/>
    <file name="TrabalhosCsvDAO.ts" path="C:\Users\Buriti\Documents\LP2\lp2\exercicioFixacao\src\daos\TrabalhosCsvDAO.ts">
      <metrics statements="9" coveredstatements="9" conditionals="1" coveredconditionals="1" methods="1" coveredmethods="1"/>
      <line num="2" count="1" type="stmt"/>
      <line num="4" count="1" type="stmt"/>
      <line num="6" count="1" type="stmt"/>
      <line num="8" count="1" type="stmt"/>
      <line num="9" count="1" type="stmt"/>
      <line num="10" count="140" type="stmt"/>
      <line num="12" count="140" type="cond" truecount="1" falsecount="0"/>
      <line num="13" count="34" type="stmt"/>
      <line num="19" count="34" type="stmt"/>
    </file>
    <file name="TrabalhosDAO.ts" path="C:\Users\Buriti\Documents\LP2\lp2\exercicioFixacao\src\daos\TrabalhosDAO.ts">
      <metrics statements="14" coveredstatements="14" conditionals="0" coveredconditionals="0" methods="7" coveredmethods="7"/>
      <line num="1" count="1" type="stmt"/>
      <line num="2" count="1" type="stmt"/>
      <line num="6" count="1" type="stmt"/>
      <line num="12" count="1" type="stmt"/>
      <line num="13" count="1" type="stmt"/>
      <line num="14" count="1" type="stmt"/>
      <line num="18" count="2" type="stmt"/>
      <line num="19" count="1" type="stmt"/>
      <line num="23" count="1" type="stmt"/>
      <line num="24" count="12" type="stmt"/>
      <line num="25" count="1" type="stmt"/>
      <line num="29" count="1" type="stmt"/>
      <line num="30" count="34" type="stmt"/>
      <line num="31" count="1" type="stmt"/>
    </file>
  </project>
</coverage>
