{"C:\\Users\\Buriti\\Documents\\LP2\\lp2\\exercicioFixacao\\src\\daos\\TrabalhosCsvDAO.ts": {"path":"C:\\Users\\Buriti\\Documents\\LP2\\lp2\\exercicioFixacao\\src\\daos\\TrabalhosCsvDAO.ts","statementMap":{"0":{"start":{"line":2,"column":0},"end":{"line":2,"column":45}},"1":{"start":{"line":6,"column":4},"end":{"line":6,"column":null}},"2":{"start":{"line":7,"column":16},"end":{"line":7,"column":58}},"3":{"start":{"line":8,"column":4},"end":{"line":16,"column":null}},"4":{"start":{"line":9,"column":21},"end":{"line":9,"column":33}},"5":{"start":{"line":10,"column":33},"end":{"line":14,"column":null}},"6":{"start":{"line":15,"column":6},"end":{"line":15,"column":null}},"7":{"start":{"line":4,"column":0},"end":{"line":4,"column":13}}},"fnMap":{"0":{"name":"(anonymous_0)","decl":{"start":{"line":5,"column":2},"end":{"line":5,"column":null}},"loc":{"start":{"line":5,"column":2},"end":{"line":17,"column":3}}},"1":{"name":"(anonymous_1)","decl":{"start":{"line":8,"column":16},"end":{"line":8,"column":17}},"loc":{"start":{"line":8,"column":22},"end":{"line":16,"column":5}}}},"branchMap":{},"s":{"0":1,"1":1,"2":1,"3":1,"4":100,"5":100,"6":100,"7":1},"f":{"0":1,"1":100},"b":{}}
,"C:\\Users\\Buriti\\Documents\\LP2\\lp2\\exercicioFixacao\\src\\daos\\TrabalhosDAO.ts": {"path":"C:\\Users\\Buriti\\Documents\\LP2\\lp2\\exercicioFixacao\\src\\daos\\TrabalhosDAO.ts","statementMap":{"0":{"start":{"line":1,"column":0},"end":{"line":1,"column":27}},"1":{"start":{"line":2,"column":0},"end":{"line":2,"column":33}},"2":{"start":{"line":12,"column":21},"end":{"line":12,"column":60}},"3":{"start":{"line":13,"column":4},"end":{"line":13,"column":null}},"4":{"start":{"line":14,"column":4},"end":{"line":14,"column":null}},"5":{"start":{"line":18,"column":21},"end":{"line":18,"column":65}},"6":{"start":{"line":18,"column":49},"end":{"line":18,"column":64}},"7":{"start":{"line":19,"column":4},"end":{"line":19,"column":null}},"8":{"start":{"line":23,"column":4},"end":{"line":23,"column":null}},"9":{"start":{"line":24,"column":21},"end":{"line":24,"column":99}},"10":{"start":{"line":24,"column":49},"end":{"line":24,"column":98}},"11":{"start":{"line":25,"column":4},"end":{"line":25,"column":null}},"12":{"start":{"line":29,"column":4},"end":{"line":29,"column":null}},"13":{"start":{"line":33,"column":20},"end":{"line":33,"column":68}},"14":{"start":{"line":33,"column":48},"end":{"line":33,"column":67}},"15":{"start":{"line":34,"column":3},"end":{"line":37,"column":null}},"16":{"start":{"line":36,"column":4},"end":{"line":36,"column":null}},"17":{"start":{"line":6,"column":0},"end":{"line":6,"column":13}}},"fnMap":{"0":{"name":"(anonymous_0)","decl":{"start":{"line":11,"column":2},"end":{"line":11,"column":14}},"loc":{"start":{"line":11,"column":30},"end":{"line":15,"column":3}}},"1":{"name":"(anonymous_1)","decl":{"start":{"line":17,"column":2},"end":{"line":17,"column":17}},"loc":{"start":{"line":17,"column":30},"end":{"line":20,"column":3}}},"2":{"name":"(anonymous_2)","decl":{"start":{"line":18,"column":42},"end":{"line":18,"column":43}},"loc":{"start":{"line":18,"column":49},"end":{"line":18,"column":64}}},"3":{"name":"(anonymous_3)","decl":{"start":{"line":22,"column":2},"end":{"line":22,"column":24}},"loc":{"start":{"line":22,"column":45},"end":{"line":26,"column":3}}},"4":{"name":"(anonymous_4)","decl":{"start":{"line":24,"column":42},"end":{"line":24,"column":43}},"loc":{"start":{"line":24,"column":49},"end":{"line":24,"column":98}}},"5":{"name":"(anonymous_5)","decl":{"start":{"line":28,"column":2},"end":{"line":28,"column":18}},"loc":{"start":{"line":28,"column":33},"end":{"line":38,"column":3}}},"6":{"name":"(anonymous_6)","decl":{"start":{"line":33,"column":41},"end":{"line":33,"column":42}},"loc":{"start":{"line":33,"column":48},"end":{"line":33,"column":67}}}},"branchMap":{"0":{"loc":{"start":{"line":34,"column":3},"end":{"line":37,"column":null}},"type":"if","locations":[{"start":{"line":34,"column":3},"end":{"line":37,"column":null}}]},"1":{"loc":{"start":{"line":34,"column":6},"end":{"line":34,"column":53}},"type":"cond-expr","locations":[{"start":{"line":34,"column":14},"end":{"line":34,"column":16}},{"start":{"line":34,"column":6},"end":{"line":34,"column":53}}]},"2":{"loc":{"start":{"line":34,"column":6},"end":{"line":34,"column":16}},"type":"binary-expr","locations":[{"start":{"line":34,"column":6},"end":{"line":34,"column":16}},{"start":{"line":34,"column":6},"end":{"line":34,"column":16}}]}},"s":{"0":1,"1":1,"2":1,"3":1,"4":1,"5":1,"6":6,"7":1,"8":1,"9":1,"10":1,"11":0,"12":1,"13":1,"14":100,"15":1,"16":0,"17":1},"f":{"0":1,"1":1,"2":6,"3":1,"4":1,"5":1,"6":100},"b":{"0":[0],"1":[1,0],"2":[1,1]}}
}
