TN:
SF:src\daos\TrabalhosCsvDAO.ts
FN:5,(anonymous_0)
FNF:1
FNH:1
FNDA:1,(anonymous_0)
DA:2,1
DA:4,1
DA:6,1
DA:8,1
DA:9,1
DA:10,140
DA:12,140
DA:13,34
DA:19,34
LF:9
LH:9
BRDA:12,0,0,34
BRF:1
BRH:1
end_of_record
TN:
SF:src\daos\TrabalhosDAO.ts
FN:11,(anonymous_0)
FN:17,(anonymous_1)
FN:18,(anonymous_2)
FN:22,(anonymous_3)
FN:24,(anonymous_4)
FN:28,(anonymous_5)
FN:30,(anonymous_6)
FNF:7
FNH:7
FNDA:1,(anonymous_0)
FNDA:1,(anonymous_1)
FNDA:2,(anonymous_2)
FNDA:1,(anonymous_3)
FNDA:12,(anonymous_4)
FNDA:1,(anonymous_5)
FNDA:34,(anonymous_6)
DA:1,1
DA:2,1
DA:6,1
DA:12,1
DA:13,1
DA:14,1
DA:18,2
DA:19,1
DA:23,1
DA:24,12
DA:25,1
DA:29,1
DA:30,34
DA:31,1
LF:14
LH:14
BRF:0
BRH:0
end_of_record
