TN:
SF:src\daos\TrabalhosCsvDAO.ts
FN:5,(anonymous_0)
FN:8,(anonymous_1)
FNF:2
FNH:2
FNDA:1,(anonymous_0)
FNDA:100,(anonymous_1)
DA:2,1
DA:4,1
DA:6,1
DA:7,1
DA:8,1
DA:9,100
DA:10,100
DA:15,100
LF:8
LH:8
BRF:0
BRH:0
end_of_record
TN:
SF:src\daos\TrabalhosDAO.ts
FN:11,(anonymous_0)
FN:17,(anonymous_1)
FN:18,(anonymous_2)
FN:22,(anonymous_3)
FN:24,(anonymous_4)
FNF:5
FNH:5
FNDA:1,(anonymous_0)
FNDA:1,(anonymous_1)
FNDA:6,(anonymous_2)
FNDA:1,(anonymous_3)
FNDA:1,(anonymous_4)
DA:1,1
DA:2,1
DA:6,1
DA:12,1
DA:13,1
DA:14,1
DA:18,6
DA:19,1
DA:23,1
DA:24,1
DA:27,0
LF:11
LH:10
BRDA:24,0,0,0
BRDA:24,0,1,0
BRDA:24,1,0,1
BRDA:24,1,1,0
BRF:4
BRH:1
end_of_record
