TN:
SF:src\structures\Queue.ts
FN:4,(anonymous_0)
FN:8,(anonymous_1)
FN:12,(anonymous_2)
FN:22,(anonymous_3)
FN:26,(anonymous_4)
FNF:5
FNH:5
FNDA:1,(anonymous_0)
FNDA:6,(anonymous_1)
FNDA:4,(anonymous_2)
FNDA:2,(anonymous_3)
FNDA:3,(anonymous_4)
DA:1,1
DA:5,1
DA:9,6
DA:13,4
DA:14,3
DA:15,3
DA:16,3
DA:19,1
DA:23,2
DA:27,3
LF:10
LH:10
BRDA:13,0,0,3
BRF:1
BRH:1
end_of_record
TN:
SF:src\structures\Stack.ts
FN:5,(anonymous_0)
FN:9,(anonymous_1)
FN:13,(anonymous_2)
FN:17,(anonymous_3)
FN:21,(anonymous_4)
FNF:5
FNH:5
FNDA:1,(anonymous_0)
FNDA:6,(anonymous_1)
FNDA:4,(anonymous_2)
FNDA:2,(anonymous_3)
FNDA:3,(anonymous_4)
DA:2,1
DA:6,1
DA:10,6
DA:14,4
DA:18,2
DA:22,3
LF:6
LH:6
BRF:0
BRH:0
end_of_record
