<?xml version="1.0" encoding="UTF-8"?>
<coverage generated="1695252576900" clover="3.2.0">
  <project timestamp="1695252576900" name="All files">
    <metrics statements="24" coveredstatements="23" conditionals="1" coveredconditionals="1" methods="9" coveredmethods="9" elements="34" coveredelements="33" complexity="0" loc="24" ncloc="24" packages="1" files="2" classes="2"/>
    <file name="VegetablesCsvDAO.ts" path="D:\Users\Casa\Documents\lp2\avaliacao2\src\daos\VegetablesCsvDAO.ts">
      <metrics statements="10" coveredstatements="10" conditionals="1" coveredconditionals="1" methods="2" coveredmethods="2"/>
      <line num="2" count="1" type="stmt"/>
      <line num="4" count="1" type="stmt"/>
      <line num="6" count="1" type="stmt"/>
      <line num="8" count="1" type="stmt"/>
      <line num="9" count="1" type="stmt"/>
      <line num="10" count="22" type="stmt"/>
      <line num="11" count="22" type="cond" truecount="1" falsecount="0"/>
      <line num="13" count="22" type="stmt"/>
      <line num="15" count="22" type="stmt"/>
      <line num="20" count="22" type="stmt"/>
    </file>
    <file name="VegetablesDAO.ts" path="D:\Users\Casa\Documents\lp2\avaliacao2\src\daos\VegetablesDAO.ts">
      <metrics statements="14" coveredstatements="13" conditionals="0" coveredconditionals="0" methods="7" coveredmethods="7"/>
      <line num="1" count="1" type="stmt"/>
      <line num="2" count="1" type="stmt"/>
      <line num="5" count="1" type="stmt"/>
      <line num="11" count="1" type="stmt"/>
      <line num="12" count="1" type="stmt"/>
      <line num="13" count="1" type="stmt"/>
      <line num="17" count="22" type="stmt"/>
      <line num="18" count="1" type="stmt"/>
      <line num="22" count="1" type="stmt"/>
      <line num="23" count="22" type="stmt"/>
      <line num="24" count="1" type="stmt"/>
      <line num="28" count="1" type="stmt"/>
      <line num="29" count="1" type="stmt"/>
      <line num="30" count="0" type="stmt"/>
    </file>
  </project>
</coverage>
