<?xml version="1.0" encoding="UTF-8"?>
<coverage generated="1695259583449" clover="3.2.0">
  <project timestamp="1695259583449" name="All files">
    <metrics statements="22" coveredstatements="22" conditionals="0" coveredconditionals="0" methods="9" coveredmethods="9" elements="31" coveredelements="31" complexity="0" loc="22" ncloc="22" packages="1" files="2" classes="2"/>
    <file name="VegetablesCsvDAO.ts" path="C:\Users\aluno\Documents\lp2\avaliacao2\src\daos\VegetablesCsvDAO.ts">
      <metrics statements="8" coveredstatements="8" conditionals="0" coveredconditionals="0" methods="2" coveredmethods="2"/>
      <line num="2" count="1" type="stmt"/>
      <line num="4" count="1" type="stmt"/>
      <line num="6" count="1" type="stmt"/>
      <line num="8" count="1" type="stmt"/>
      <line num="9" count="1" type="stmt"/>
      <line num="10" count="22" type="stmt"/>
      <line num="12" count="22" type="stmt"/>
      <line num="17" count="22" type="stmt"/>
    </file>
    <file name="VegetablesDAO.ts" path="C:\Users\aluno\Documents\lp2\avaliacao2\src\daos\VegetablesDAO.ts">
      <metrics statements="14" coveredstatements="14" conditionals="0" coveredconditionals="0" methods="7" coveredmethods="7"/>
      <line num="1" count="1" type="stmt"/>
      <line num="2" count="1" type="stmt"/>
      <line num="5" count="1" type="stmt"/>
      <line num="11" count="1" type="stmt"/>
      <line num="12" count="1" type="stmt"/>
      <line num="13" count="1" type="stmt"/>
      <line num="17" count="2" type="stmt"/>
      <line num="18" count="1" type="stmt"/>
      <line num="22" count="1" type="stmt"/>
      <line num="23" count="22" type="stmt"/>
      <line num="24" count="1" type="stmt"/>
      <line num="28" count="1" type="stmt"/>
      <line num="29" count="22" type="stmt"/>
      <line num="30" count="1" type="stmt"/>
    </file>
  </project>
</coverage>
