TN:
SF:src\daos\VegetablesCsvDAO.ts
FN:5,(anonymous_0)
FN:9,(anonymous_1)
FNF:2
FNH:2
FNDA:1,(anonymous_0)
FNDA:22,(anonymous_1)
DA:2,1
DA:4,1
DA:6,1
DA:8,1
DA:9,1
DA:10,22
DA:12,22
DA:17,22
LF:8
LH:8
BRF:0
BRH:0
end_of_record
TN:
SF:src\daos\VegetablesDAO.ts
FN:10,(anonymous_0)
FN:16,(anonymous_1)
FN:17,(anonymous_2)
FN:21,(anonymous_3)
FN:23,(anonymous_4)
FN:27,(anonymous_5)
FN:29,(anonymous_6)
FNF:7
FNH:7
FNDA:1,(anonymous_0)
FNDA:1,(anonymous_1)
FNDA:2,(anonymous_2)
FNDA:1,(anonymous_3)
FNDA:22,(anonymous_4)
FNDA:1,(anonymous_5)
FNDA:22,(anonymous_6)
DA:1,1
DA:2,1
DA:5,1
DA:11,1
DA:12,1
DA:13,1
DA:17,2
DA:18,1
DA:22,1
DA:23,22
DA:24,1
DA:28,1
DA:29,22
DA:30,1
LF:14
LH:14
BRF:0
BRH:0
end_of_record
